<?xml version="1.0" encoding="UTF-8"?>
<!-- Generated by org.testng.reporters.JUnitReportReporter -->
<testsuite hostname="DESKTOP-P1PTHCN" failures="0" tests="5" name="testCases.TC_003_LoginDDT" time="47.310" errors="0" timestamp="2025-04-27T08:55:47 IST" skipped="0">
  <testcase classname="testCases.TC_003_LoginDDT" name="verify_loginDDT" time="10.891"/>
  <testcase classname="testCases.TC_003_LoginDDT" name="verify_loginDDT" time="10.893"/>
  <testcase classname="testCases.TC_003_LoginDDT" name="verify_loginDDT" time="11.229"/>
  <testcase classname="testCases.TC_003_LoginDDT" name="verify_loginDDT" time="3.259"/>
  <testcase classname="testCases.TC_003_LoginDDT" name="verify_loginDDT" time="11.038"/>
</testsuite> <!-- testCases.TC_003_LoginDDT -->
