<?xml version="1.0" encoding="UTF-8"?>
<!-- Generated by org.testng.reporters.JUnitReportReporter -->
<testsuite hostname="DESKTOP-P1PTHCN" failures="0" tests="5" name="testCases.TC_003_LoginDDT" time="46.663" errors="0" timestamp="2025-05-01T15:15:30 IST" skipped="0">
  <testcase classname="testCases.TC_003_LoginDDT" name="verify_loginDDT" time="2.714"/>
  <testcase classname="testCases.TC_003_LoginDDT" name="verify_loginDDT" time="11.162"/>
  <testcase classname="testCases.TC_003_LoginDDT" name="verify_loginDDT" time="10.862"/>
  <testcase classname="testCases.TC_003_LoginDDT" name="verify_loginDDT" time="10.902"/>
  <testcase classname="testCases.TC_003_LoginDDT" name="verify_loginDDT" time="11.023"/>
</testsuite> <!-- testCases.TC_003_LoginDDT -->
