<?xml version="1.0" encoding="UTF-8"?>
<!-- Generated by org.testng.reporters.JUnitReportReporter -->
<testsuite hostname="DESKTOP-P1PTHCN" failures="0" tests="1" name="testCases.TC_001_AccountRegistrationTest" time="4.355" errors="0" timestamp="2025-05-03T18:41:08 IST" skipped="0">
  <testcase classname="testCases.TC_001_AccountRegistrationTest" name="verify_account_registration" time="4.355"/>
</testsuite> <!-- testCases.TC_001_AccountRegistrationTest -->
