<?xml version="1.0" encoding="UTF-8"?>
<!-- Generated by org.testng.reporters.JUnitReportReporter -->
<testsuite hostname="DESKTOP-P1PTHCN" failures="0" tests="1" name="testCases.TC_002_LoginTest" time="1.870" errors="0" timestamp="2025-05-03T18:41:08 IST" skipped="0">
  <testcase classname="testCases.TC_002_LoginTest" name="verify_login" time="1.870"/>
</testsuite> <!-- testCases.TC_002_LoginTest -->
